total 4904
-rw-r--r-- 1 ElectroFix 197121   15097 juin  23 15:04 abricot.jpg
-rw-r--r-- 1 ElectroFix 197121    7162 juin  13 19:07 banane.jpg
-rw-r--r-- 1 ElectroFix 197121   47123 juin  25 16:36 beurre.jpg
-rw-r--r-- 1 ElectroFix 197121   24205 juin  23 15:58 cerise.jpg
-rw-r--r-- 1 ElectroFix 197121    9462 juin  23 14:58 citron.jpg
-rw-r--r-- 1 ElectroFix 197121    8371 juin  13 20:40 croissant.jpg
-rw-r--r-- 1 ElectroFix 197121   16740 juin  23 15:42 datte.jpg
-rw-r--r-- 1 ElectroFix 197121    9760 juin  23 15:50 figue.jpg
-rw-r--r-- 1 ElectroFix 197121   13051 juin  23 21:05 fraise.jpg
-rw-r--r-- 1 ElectroFix 197121   11161 juin  14 00:07 fromage.jpg
-rw-r--r-- 1 ElectroFix 197121   41227 juin  23 15:08 grenade.jpg
-rw-r--r-- 1 ElectroFix 197121   42889 juin  25 17:18 huile.jpg
-rw-r--r-- 1 ElectroFix 197121       0 juil.  4 01:14 img_recues.log
-rw-r--r-- 1 ElectroFix 197121   13065 juin  13 20:47 jus.jpg
-rw-r--r-- 1 ElectroFix 197121   11158 juin  23 16:32 kiwi.jpg
-rw-r--r-- 1 ElectroFix 197121   13379 juin  14 00:02 lait.jpg
-rw-r--r-- 1 ElectroFix 197121 2562023 juin  24 18:24 logoProjetFinal.png
-rw-r--r-- 1 ElectroFix 197121    9132 juin  23 14:55 melon.jpg
-rw-r--r-- 1 ElectroFix 197121 1859447 juin  24 11:37 modelFinal.png
-rw-r--r-- 1 ElectroFix 197121   22476 juin  23 16:39 modelSimpliste.png
-rw-r--r-- 1 ElectroFix 197121    8932 juin  23 14:57 nefle.jpg
-rw-r--r-- 1 ElectroFix 197121    2032 juin  14 00:04 oeuf.jpg
-rw-r--r-- 1 ElectroFix 197121   11062 juin  13 19:03 oignon.jpg
-rw-r--r-- 1 ElectroFix 197121    9297 juin  13 19:17 orange.jpg
-rw-r--r-- 1 ElectroFix 197121   10668 juin  13 20:33 pain.jpg
-rw-r--r-- 1 ElectroFix 197121   13264 juin  13 20:39 pain-chocolat.jpg
-rw-r--r-- 1 ElectroFix 197121    9251 juin  23 14:57 pasteque.jpg
-rw-r--r-- 1 ElectroFix 197121   10396 juin  23 15:03 peche.jpg
-rw-r--r-- 1 ElectroFix 197121   20310 juin  23 16:10 poire.jpg
-rw-r--r-- 1 ElectroFix 197121    4553 juin  13 20:30 poisson.jpg
-rw-r--r-- 1 ElectroFix 197121    5999 juin  13 19:13 pomme.jpg
-rw-r--r-- 1 ElectroFix 197121   10655 juin  13 18:42 pommes-terre.jpg
-rw-r--r-- 1 ElectroFix 197121    8043 juin  13 19:09 poulet.jpg
-rw-r--r-- 1 ElectroFix 197121   14808 juin  23 14:58 raisin.jpg
-rw-r--r-- 1 ElectroFix 197121   11802 juin  13 19:01 salade.jpg
-rw-r--r-- 1 ElectroFix 197121   37363 juin  13 19:02 viande.jpg
-rw-r--r-- 1 ElectroFix 197121   20264 juin  14 00:05 Yaourt.jpg
